TN:
SF:/Users/zhuangzihao/i-counting/custapp/setupJest.js
FN:8,(anonymous_0)
FN:11,(anonymous_1)
FN:12,(anonymous_2)
FN:21,(anonymous_3)
FN:30,(anonymous_4)
FN:33,(anonymous_5)
FN:34,(anonymous_6)
FN:43,(anonymous_7)
FNF:8
FNH:4
FNDA:1,(anonymous_0)
FNDA:1,(anonymous_1)
FNDA:1,(anonymous_2)
FNDA:5,(anonymous_3)
FNDA:0,(anonymous_4)
FNDA:0,(anonymous_5)
FNDA:0,(anonymous_6)
FNDA:0,(anonymous_7)
DA:8,1
DA:9,1
DA:12,1
DA:13,1
DA:21,1
DA:22,5
DA:27,1
DA:28,1
DA:30,1
DA:31,0
DA:34,0
DA:35,0
DA:41,1
DA:42,1
DA:43,1
DA:44,0
DA:50,1
DA:53,1
DA:64,1
DA:66,1
DA:67,1
DA:68,1
LF:22
LH:18
BRF:0
BRH:0
end_of_record
TN:
SF:/Users/zhuangzihao/i-counting/custapp/app/config.js
FN:50,(anonymous_0)
FN:56,(anonymous_1)
FNF:2
FNH:0
FNDA:0,(anonymous_0)
FNDA:0,(anonymous_1)
DA:9,1
DA:10,1
DA:12,1
DA:16,1
DA:17,1
DA:18,1
DA:19,1
DA:20,1
DA:24,1
DA:25,1
DA:26,1
DA:28,1
DA:31,1
DA:32,1
DA:33,1
DA:34,1
DA:45,1
DA:48,1
DA:49,0
DA:51,0
DA:52,0
DA:53,0
DA:54,0
DA:63,1
DA:64,1
DA:67,1
DA:76,1
DA:89,1
LF:28
LH:23
BRDA:34,0,0,0
BRDA:34,0,1,1
BRDA:48,1,0,0
BRDA:48,1,1,1
BRDA:51,2,0,0
BRDA:51,2,1,0
BRF:6
BRH:2
end_of_record
TN:
SF:/Users/zhuangzihao/i-counting/custapp/app/flags.js
FNF:0
FNH:0
DA:2,1
DA:3,1
LF:2
LH:2
BRF:0
BRH:0
end_of_record
TN:
SF:/Users/zhuangzihao/i-counting/custapp/app/apis/common.js
FN:7,postApi
FN:11,putEx
FN:16,postRawApi
FN:20,getApi
FN:25,deleteApi
FNF:5
FNH:4
FNDA:8,postApi
FNDA:4,putEx
FNDA:0,postRawApi
FNDA:7,getApi
FNDA:2,deleteApi
DA:8,8
DA:12,4
DA:17,0
DA:21,7
DA:26,2
LF:5
LH:4
BRDA:7,0,0,0
BRDA:7,1,0,8
BRDA:11,2,0,0
BRDA:11,3,0,4
BRDA:16,4,0,0
BRDA:16,5,0,0
BRDA:20,6,0,4
BRDA:20,7,0,7
BRDA:25,8,0,2
BRDA:25,9,0,2
BRF:10
BRH:6
end_of_record
TN:
SF:/Users/zhuangzihao/i-counting/custapp/app/apis/invoice.js
FN:6,loadInvoiceTitleListInfo
FN:12,loadInvoiceDetialData
FN:17,deleteInvoiceTitle
FN:22,verifyInvoice
FN:26,verifyInvoiceIsSave
FN:30,updateInvoiceInfo
FN:34,addInvoiceInfo
FNF:7
FNH:7
FNDA:2,loadInvoiceTitleListInfo
FNDA:2,loadInvoiceDetialData
FNDA:2,deleteInvoiceTitle
FNDA:4,verifyInvoice
FNDA:3,verifyInvoiceIsSave
FNDA:4,updateInvoiceInfo
FNDA:4,addInvoiceInfo
DA:8,2
DA:13,2
DA:18,2
DA:23,4
DA:27,3
DA:31,4
DA:35,4
LF:7
LH:7
BRDA:6,0,0,1
BRDA:12,1,0,0
BRDA:17,2,0,0
BRDA:22,3,0,0
BRDA:26,4,0,0
BRDA:26,5,0,0
BRF:6
BRH:1
end_of_record
TN:
SF:/Users/zhuangzihao/i-counting/custapp/app/http/HTTPBase.js
FNF:0
FNH:0
DA:18,1
DA:19,1
DA:20,1
DA:22,0
DA:25,1
DA:26,1
LF:6
LH:5
BRDA:18,0,0,1
BRDA:18,0,1,0
BRF:2
BRH:1
end_of_record
TN:
SF:/Users/zhuangzihao/i-counting/custapp/app/http/HttpAdapterCustApp.js
FN:10,(anonymous_0)
FN:30,(anonymous_1)
FN:36,(anonymous_2)
FN:56,(anonymous_3)
FN:61,(anonymous_4)
FN:81,(anonymous_5)
FN:98,(anonymous_6)
FNF:7
FNH:0
FNDA:0,(anonymous_0)
FNDA:0,(anonymous_1)
FNDA:0,(anonymous_2)
FNDA:0,(anonymous_3)
FNDA:0,(anonymous_4)
FNDA:0,(anonymous_5)
FNDA:0,(anonymous_6)
DA:11,0
DA:12,0
DA:13,0
DA:14,0
DA:15,0
DA:16,0
DA:17,0
DA:20,0
DA:21,0
DA:26,0
DA:28,0
DA:30,0
DA:32,0
DA:37,0
DA:50,0
DA:54,0
DA:56,0
DA:57,0
DA:62,0
DA:64,0
DA:65,0
DA:66,0
DA:68,0
DA:69,0
DA:72,0
DA:73,0
DA:82,0
DA:83,0
DA:85,0
DA:87,0
DA:88,0
DA:91,0
DA:92,0
DA:95,0
DA:99,0
LF:35
LH:0
BRDA:20,0,0,0
BRDA:20,0,1,0
BRDA:26,1,0,0
BRDA:26,1,1,0
BRDA:62,2,0,0
BRDA:62,2,1,0
BRDA:62,3,0,0
BRDA:62,3,1,0
BRDA:64,4,0,0
BRDA:64,4,1,0
BRDA:66,5,0,0
BRDA:66,5,1,0
BRDA:85,6,0,0
BRDA:85,6,1,0
BRDA:91,7,0,0
BRDA:91,7,1,0
BRF:16
BRH:0
end_of_record
TN:
SF:/Users/zhuangzihao/i-counting/custapp/app/storage/Preferences.js
FN:11,(anonymous_0)
FN:20,(anonymous_1)
FN:32,(anonymous_2)
FN:39,(anonymous_3)
FNF:4
FNH:0
FNDA:0,(anonymous_0)
FNDA:0,(anonymous_1)
FNDA:0,(anonymous_2)
FNDA:0,(anonymous_3)
DA:9,1
DA:12,0
DA:13,0
DA:14,0
DA:16,0
DA:22,0
DA:23,0
DA:24,0
DA:27,0
DA:36,0
DA:40,0
DA:43,1
LF:12
LH:2
BRDA:22,0,0,0
BRDA:22,0,1,0
BRF:2
BRH:0
end_of_record
TN:
SF:/Users/zhuangzihao/i-counting/custapp/app/storage/UserInfoStore.js
FN:30,(anonymous_0)
FN:43,(anonymous_1)
FN:52,(anonymous_2)
FN:57,(anonymous_3)
FN:62,(anonymous_4)
FN:66,(anonymous_5)
FN:70,(anonymous_6)
FN:74,(anonymous_7)
FN:83,(anonymous_8)
FN:87,(anonymous_9)
FN:92,(anonymous_10)
FN:101,(anonymous_11)
FN:105,(anonymous_12)
FN:109,(anonymous_13)
FN:113,(anonymous_14)
FN:117,(anonymous_15)
FN:121,(anonymous_16)
FN:125,(anonymous_17)
FN:130,(anonymous_18)
FN:134,(anonymous_19)
FN:138,(anonymous_20)
FN:143,(anonymous_21)
FN:147,(anonymous_22)
FN:151,(anonymous_23)
FN:156,(anonymous_24)
FN:166,(anonymous_25)
FN:170,(anonymous_26)
FN:174,(anonymous_27)
FN:178,(anonymous_28)
FN:182,(anonymous_29)
FN:192,(anonymous_30)
FN:196,(anonymous_31)
FN:200,(anonymous_32)
FN:208,(anonymous_33)
FN:212,(anonymous_34)
FN:221,(anonymous_35)
FN:225,(anonymous_36)
FN:229,(anonymous_37)
FN:238,(anonymous_38)
FN:242,(anonymous_39)
FN:246,(anonymous_40)
FN:255,(anonymous_41)
FN:264,(anonymous_42)
FN:269,(anonymous_43)
FN:273,(anonymous_44)
FNF:45
FNH:0
FNDA:0,(anonymous_0)
FNDA:0,(anonymous_1)
FNDA:0,(anonymous_2)
FNDA:0,(anonymous_3)
FNDA:0,(anonymous_4)
FNDA:0,(anonymous_5)
FNDA:0,(anonymous_6)
FNDA:0,(anonymous_7)
FNDA:0,(anonymous_8)
FNDA:0,(anonymous_9)
FNDA:0,(anonymous_10)
FNDA:0,(anonymous_11)
FNDA:0,(anonymous_12)
FNDA:0,(anonymous_13)
FNDA:0,(anonymous_14)
FNDA:0,(anonymous_15)
FNDA:0,(anonymous_16)
FNDA:0,(anonymous_17)
FNDA:0,(anonymous_18)
FNDA:0,(anonymous_19)
FNDA:0,(anonymous_20)
FNDA:0,(anonymous_21)
FNDA:0,(anonymous_22)
FNDA:0,(anonymous_23)
FNDA:0,(anonymous_24)
FNDA:0,(anonymous_25)
FNDA:0,(anonymous_26)
FNDA:0,(anonymous_27)
FNDA:0,(anonymous_28)
FNDA:0,(anonymous_29)
FNDA:0,(anonymous_30)
FNDA:0,(anonymous_31)
FNDA:0,(anonymous_32)
FNDA:0,(anonymous_33)
FNDA:0,(anonymous_34)
FNDA:0,(anonymous_35)
FNDA:0,(anonymous_36)
FNDA:0,(anonymous_37)
FNDA:0,(anonymous_38)
FNDA:0,(anonymous_39)
FNDA:0,(anonymous_40)
FNDA:0,(anonymous_41)
FNDA:0,(anonymous_42)
FNDA:0,(anonymous_43)
FNDA:0,(anonymous_44)
DA:8,1
DA:9,1
DA:10,1
DA:11,1
DA:12,1
DA:13,1
DA:14,1
DA:15,1
DA:17,1
DA:18,1
DA:20,1
DA:23,1
DA:24,1
DA:25,1
DA:27,1
DA:30,1
DA:31,0
DA:32,0
DA:33,0
DA:35,0
DA:36,0
DA:40,0
DA:43,1
DA:44,0
DA:45,0
DA:46,0
DA:47,0
DA:49,0
DA:52,1
DA:53,0
DA:54,0
DA:57,1
DA:58,0
DA:59,0
DA:62,1
DA:63,0
DA:66,1
DA:67,0
DA:70,1
DA:71,0
DA:74,1
DA:75,0
DA:76,0
DA:77,0
DA:78,0
DA:80,0
DA:83,1
DA:84,0
DA:87,1
DA:88,0
DA:92,1
DA:93,0
DA:94,0
DA:95,0
DA:96,0
DA:98,0
DA:101,1
DA:102,0
DA:105,1
DA:106,0
DA:109,1
DA:110,0
DA:113,1
DA:114,0
DA:117,1
DA:118,0
DA:121,1
DA:122,0
DA:125,1
DA:126,0
DA:130,1
DA:131,0
DA:134,1
DA:135,0
DA:138,1
DA:139,0
DA:143,1
DA:144,0
DA:147,1
DA:148,0
DA:151,1
DA:152,0
DA:156,1
DA:158,0
DA:159,0
DA:160,0
DA:161,0
DA:163,0
DA:166,1
DA:167,0
DA:170,1
DA:171,0
DA:174,1
DA:175,0
DA:178,1
DA:179,0
DA:182,1
DA:184,0
DA:185,0
DA:186,0
DA:187,0
DA:189,0
DA:192,1
DA:193,0
DA:196,1
DA:197,0
DA:200,1
DA:201,0
DA:202,0
DA:203,0
DA:205,0
DA:208,1
DA:209,0
DA:212,1
DA:213,0
DA:214,0
DA:215,0
DA:216,0
DA:218,0
DA:221,1
DA:222,0
DA:225,1
DA:226,0
DA:229,1
DA:230,0
DA:231,0
DA:232,0
DA:233,0
DA:235,0
DA:238,1
DA:239,0
DA:242,1
DA:243,0
DA:246,1
DA:247,0
DA:248,0
DA:249,0
DA:250,0
DA:252,0
DA:255,1
DA:256,0
DA:264,1
DA:265,0
DA:266,0
DA:269,1
DA:270,0
DA:273,1
DA:274,0
DA:277,1
LF:149
LH:61
BRDA:32,0,0,0
BRDA:32,0,1,0
BRDA:35,1,0,0
BRDA:35,1,1,0
BRDA:45,2,0,0
BRDA:45,2,1,0
BRDA:76,3,0,0
BRDA:76,3,1,0
BRDA:94,4,0,0
BRDA:94,4,1,0
BRDA:159,5,0,0
BRDA:159,5,1,0
BRDA:185,6,0,0
BRDA:185,6,1,0
BRDA:202,7,0,0
BRDA:202,7,1,0
BRDA:214,8,0,0
BRDA:214,8,1,0
BRDA:231,9,0,0
BRDA:231,9,1,0
BRDA:248,10,0,0
BRDA:248,10,1,0
BRF:22
BRH:0
end_of_record
TN:
SF:/Users/zhuangzihao/i-counting/custapp/app/util/NetInfoSingleton.js
FN:20,(anonymous_0)
FN:26,(anonymous_1)
FN:39,(anonymous_2)
FN:52,(anonymous_3)
FNF:4
FNH:2
FNDA:1,(anonymous_0)
FNDA:1,(anonymous_1)
FNDA:0,(anonymous_2)
FNDA:0,(anonymous_3)
DA:12,1
DA:21,1
DA:22,1
DA:25,1
DA:26,1
DA:27,1
DA:28,1
DA:29,1
DA:33,1
DA:34,1
DA:36,1
DA:40,0
DA:41,0
DA:42,0
DA:43,0
DA:48,0
DA:53,0
DA:58,1
LF:18
LH:12
BRDA:21,0,0,1
BRDA:21,0,1,0
BRDA:25,1,0,1
BRDA:25,1,1,0
BRDA:27,2,0,1
BRDA:27,2,1,0
BRDA:41,3,0,0
BRDA:41,3,1,0
BRDA:42,4,0,0
BRDA:42,4,1,0
BRF:10
BRH:3
end_of_record
